[debug] [2025-04-11T07:04:39.092Z] ----------------------------------------------------------------------
[debug] [2025-04-11T07:04:39.095Z] Command:       C:\Program Files\nodejs\node.exe C:\Users\savev\AppData\Roaming\npm\node_modules\firebase-tools\lib\bin\firebase.js init hosting
[debug] [2025-04-11T07:04:39.095Z] CLI Version:   14.1.0
[debug] [2025-04-11T07:04:39.096Z] Platform:      win32
[debug] [2025-04-11T07:04:39.096Z] Node Version:  v22.14.0
[debug] [2025-04-11T07:04:39.096Z] Time:          Fri Apr 11 2025 15:04:39 GMT+0800 (Taipei Standard Time)
[debug] [2025-04-11T07:04:39.096Z] ----------------------------------------------------------------------
[debug] 
[debug] [2025-04-11T07:04:39.102Z] > command requires scopes: ["email","openid","https://www.googleapis.com/auth/cloudplatformprojects.readonly","https://www.googleapis.com/auth/firebase","https://www.googleapis.com/auth/cloud-platform"]
[debug] [2025-04-11T07:04:39.103Z] > authorizing via signed-in user (official.savvysave@gmail.com)
[info] 
     ######## #### ########  ######## ########     ###     ######  ########
     ##        ##  ##     ## ##       ##     ##  ##   ##  ##       ##
     ######    ##  ########  ######   ########  #########  ######  ######
     ##        ##  ##    ##  ##       ##     ## ##     ##       ## ##
     ##       #### ##     ## ######## ########  ##     ##  ######  ########

You're about to initialize a Firebase project in this directory:

  c:\Users\savev\Documents\Aetherium

[info] 
=== Project Setup
[info] 
[info] First, let's associate this project directory with a Firebase project.
[info] You can create multiple project aliases by running firebase use --add, 
[info] but for now we'll just set up a default project.
[info] 
[debug] [2025-04-11T07:04:53.171Z] Checked if tokens are valid: true, expires at: 1744358582946
[debug] [2025-04-11T07:04:53.171Z] Checked if tokens are valid: true, expires at: 1744358582946
[debug] [2025-04-11T07:04:53.172Z] >>> [apiv2][query] GET https://firebase.googleapis.com/v1beta1/projects pageSize=100
[debug] [2025-04-11T07:04:53.793Z] <<< [apiv2][status] GET https://firebase.googleapis.com/v1beta1/projects 200
[debug] [2025-04-11T07:04:53.793Z] <<< [apiv2][body] GET https://firebase.googleapis.com/v1beta1/projects [omitted]
[info] i  Using project aetherium-cba98 (Aetherium) 
[info] 
=== Hosting Setup
[debug] [2025-04-11T07:04:57.157Z] Checked if tokens are valid: true, expires at: 1744358582946
[debug] [2025-04-11T07:04:57.157Z] Checked if tokens are valid: true, expires at: 1744358582946
[debug] [2025-04-11T07:04:57.157Z] >>> [apiv2][query] GET https://firebase.googleapis.com/v1beta1/projects/aetherium-cba98 [none]
[debug] [2025-04-11T07:04:57.574Z] <<< [apiv2][status] GET https://firebase.googleapis.com/v1beta1/projects/aetherium-cba98 200
[debug] [2025-04-11T07:04:57.574Z] <<< [apiv2][body] GET https://firebase.googleapis.com/v1beta1/projects/aetherium-cba98 {"projectId":"aetherium-cba98","projectNumber":"762695289238","displayName":"Aetherium","name":"projects/aetherium-cba98","resources":{"hostingSite":"aetherium-cba98"},"state":"ACTIVE","etag":"1_5c465421-58cd-4d9d-8651-29b767188d36"}
[info] 
[info] Your public directory is the folder (relative to your project directory) that
[info] will contain Hosting assets to be uploaded with firebase deploy. If you
[info] have a build process for your assets, use your build's output directory.
[info] 
[debug] [2025-04-11T07:06:38.629Z] >>> [apiv2][query] GET https://www.gstatic.com/firebasejs/releases.json [none]
[debug] [2025-04-11T07:06:38.789Z] <<< [apiv2][status] GET https://www.gstatic.com/firebasejs/releases.json 200
[debug] [2025-04-11T07:06:38.789Z] <<< [apiv2][body] GET https://www.gstatic.com/firebasejs/releases.json {"current":{"version":"11.6.0","browserURL":"https://www.gstatic.com/firebasejs/11.6.0/firebase.js","packageURL":"https://www.gstatic.com/firebasejs/11.6.0/firebase.tgz"},"live":{"version":"11.6","browserURL":"https://www.gstatic.com/firebasejs/live/11.6/firebase.js","packageURL":"https://www.gstatic.com/firebasejs/live/11.6/firebase.tgz"},"components":{"analytics":"https://www.gstatic.com/firebasejs/11.6.0/firebase-analytics.js","app":"https://www.gstatic.com/firebasejs/11.6.0/firebase-app.js","app-check":"https://www.gstatic.com/firebasejs/11.6.0/firebase-app-check.js","auth":"https://www.gstatic.com/firebasejs/11.6.0/firebase-auth.js","auth/cordova":"https://www.gstatic.com/firebasejs/11.6.0/firebase-auth/cordova.js","auth/web-extension":"https://www.gstatic.com/firebasejs/11.6.0/firebase-auth/web-extension.js","functions":"https://www.gstatic.com/firebasejs/11.6.0/firebase-functions.js","firestore":"https://www.gstatic.com/firebasejs/11.6.0/firebase-firestore.js","firestore/lite":"https://www.gstatic.com/firebasejs/11.6.0/firebase-firestore/lite.js","installations":"https://www.gstatic.com/firebasejs/11.6.0/firebase-installations.js","storage":"https://www.gstatic.com/firebasejs/11.6.0/firebase-storage.js","performance":"https://www.gstatic.com/firebasejs/11.6.0/firebase-performance.js","remote-config":"https://www.gstatic.com/firebasejs/11.6.0/firebase-remote-config.js","messaging":"https://www.gstatic.com/firebasejs/11.6.0/firebase-messaging.js","messaging/sw":"https://www.gstatic.com/firebasejs/11.6.0/firebase-messaging/sw.js","database":"https://www.gstatic.com/firebasejs/11.6.0/firebase-database.js","vertexai":"https://www.gstatic.com/firebasejs/11.6.0/firebase-vertexai.js","data-connect":"https://www.gstatic.com/firebasejs/11.6.0/firebase-data-connect.js","firestore.memory":"https://www.gstatic.com/firebasejs/11.6.0/firebase-firestore.memory.js"}}
[info] +  Wrote public/index.html 
[info] 
[info] i  Didn't detect a .git folder. Assuming c:\Users\savev\Documents\Aetherium is the project root. 
[info] i  Authorizing with GitHub to upload your service account to a GitHub repository's secrets store. 
[info] 
[info] Visit this URL on this device to log in:
[info] https://github.com/login/oauth/authorize?client_id=89cf50f02ac6aaed3484&state=199212091&redirect_uri=http%3A%2F%2Flocalhost%3A9005&scope=read%3Auser%20repo%20public_repo
[info] 
[info] Waiting for authentication...
[debug] [2025-04-11T07:09:02.348Z] >>> [apiv2][query] POST https://github.com/login/oauth/access_token [none]
[debug] [2025-04-11T07:09:02.348Z] >>> [apiv2][body] POST https://github.com/login/oauth/access_token [stream]
[debug] [2025-04-11T07:09:02.959Z] <<< [apiv2][status] POST https://github.com/login/oauth/access_token 200
[debug] [2025-04-11T07:09:02.959Z] <<< [apiv2][body] POST https://github.com/login/oauth/access_token {"access_token":"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","token_type":"bearer","scope":"read:user,repo"}
[debug] [2025-04-11T07:09:02.963Z] >>> [apiv2][query] GET https://api.github.com/user [none]
[debug] [2025-04-11T07:09:03.652Z] <<< [apiv2][status] GET https://api.github.com/user 200
[debug] [2025-04-11T07:09:03.652Z] <<< [apiv2][body] GET https://api.github.com/user {"login":"Savvy-Save","id":205849819,"node_id":"U_kgDODEUE2w","avatar_url":"https://avatars.githubusercontent.com/u/205849819?v=4","gravatar_id":"","url":"https://api.github.com/users/Savvy-Save","html_url":"https://github.com/Savvy-Save","followers_url":"https://api.github.com/users/Savvy-Save/followers","following_url":"https://api.github.com/users/Savvy-Save/following{/other_user}","gists_url":"https://api.github.com/users/Savvy-Save/gists{/gist_id}","starred_url":"https://api.github.com/users/Savvy-Save/starred{/owner}{/repo}","subscriptions_url":"https://api.github.com/users/Savvy-Save/subscriptions","organizations_url":"https://api.github.com/users/Savvy-Save/orgs","repos_url":"https://api.github.com/users/Savvy-Save/repos","events_url":"https://api.github.com/users/Savvy-Save/events{/privacy}","received_events_url":"https://api.github.com/users/Savvy-Save/received_events","type":"User","user_view_type":"private","site_admin":false,"name":null,"company":null,"blog":"","location":null,"email":null,"hireable":null,"bio":null,"twitter_username":null,"notification_email":null,"public_repos":1,"public_gists":0,"followers":0,"following":0,"created_at":"2025-04-01T23:25:42Z","updated_at":"2025-04-11T07:10:21Z","private_gists":0,"total_private_repos":0,"owned_private_repos":0,"disk_usage":29,"collaborators":0,"two_factor_authentication":false,"plan":{"name":"free","space":976562499,"collaborators":0,"private_repos":10000}}
[info] 
[info] +  Success! Logged into GitHub as Savvy-Save 
[info] 
